{"level":40,"time":1628463243638,"pid":6653,"hostname":"DESKTOP-CD4IMJA","msg":"Login -----------------> OK"}
{"level":40,"time":1628471386637,"pid":10202,"hostname":"DESKTOP-CD4IMJA","msg":"Login -----------------> OK"}
{"level":40,"time":1632110772850,"pid":2456,"hostname":"LAPTOP-3FNR6K70","msg":"Register -----------------> OK"}
{"level":40,"time":1632281526582,"pid":1373,"hostname":"LAPTOP-3FNR6K70","msg":"Register -----------------> OK"}
{"level":40,"time":1632281551481,"pid":1373,"hostname":"LAPTOP-3FNR6K70","msg":"Login -----------------> OK"}
{"level":40,"time":1632844648665,"pid":737,"hostname":"LAPTOP-3FNR6K70","msg":"Login -----------------> OK"}
{"level":40,"time":1632845740557,"pid":1511,"hostname":"LAPTOP-3FNR6K70","msg":"Login -----------------> OK"}
{"level":40,"time":1632847457159,"pid":2369,"hostname":"LAPTOP-3FNR6K70","msg":"Error message: TypeError: daoUsuarios.find is not a function"}
{"level":40,"time":1632847505404,"pid":2485,"hostname":"LAPTOP-3FNR6K70","msg":"Login -----------------> OK"}
{"level":40,"time":1632848371547,"pid":3384,"hostname":"LAPTOP-3FNR6K70","msg":"Login -----------------> OK"}
{"level":40,"time":1632869825986,"pid":732,"hostname":"LAPTOP-3FNR6K70","msg":"Login -----------------> OK"}
{"level":40,"time":1633108523377,"pid":392,"hostname":"LAPTOP-3FNR6K70","msg":"Login -----------------> OK"}
{"level":40,"time":1633111095100,"pid":3039,"hostname":"LAPTOP-3FNR6K70","msg":"Login -----------------> OK"}
{"level":40,"time":1633111460765,"pid":3332,"hostname":"LAPTOP-3FNR6K70","msg":"Login -----------------> OK"}
{"level":40,"time":1633122028797,"pid":5300,"hostname":"LAPTOP-3FNR6K70","msg":"Login -----------------> OK"}
{"level":40,"time":1633122183124,"pid":5703,"hostname":"LAPTOP-3FNR6K70","msg":"Login -----------------> OK"}
{"level":40,"time":1633122214501,"pid":5703,"hostname":"LAPTOP-3FNR6K70","msg":"Login -----------------> OK"}
{"level":40,"time":1633122241627,"pid":5703,"hostname":"LAPTOP-3FNR6K70","msg":"Login -----------------> OK"}
{"level":40,"time":1633122866402,"pid":6048,"hostname":"LAPTOP-3FNR6K70","msg":"Login -----------------> OK"}
{"level":40,"time":1633138234342,"pid":6483,"hostname":"LAPTOP-3FNR6K70","msg":"Login -----------------> OK"}
{"level":40,"time":1633138419226,"pid":6483,"hostname":"LAPTOP-3FNR6K70","msg":"Login -----------------> OK"}
{"level":40,"time":1633138639045,"pid":6483,"hostname":"LAPTOP-3FNR6K70","msg":"Login -----------------> OK"}
{"level":40,"time":1633150307121,"pid":7561,"hostname":"LAPTOP-3FNR6K70","msg":"Login -----------------> OK"}
{"level":40,"time":1633150924357,"pid":8405,"hostname":"LAPTOP-3FNR6K70","msg":"Login -----------------> OK"}
{"level":40,"time":1633151577695,"pid":8834,"hostname":"LAPTOP-3FNR6K70","msg":"Login -----------------> OK"}
{"level":40,"time":1633152290437,"pid":10117,"hostname":"LAPTOP-3FNR6K70","msg":"Login -----------------> OK"}
{"level":40,"time":1633153024751,"pid":11216,"hostname":"LAPTOP-3FNR6K70","msg":"Login -----------------> OK"}
{"level":40,"time":1633153712518,"pid":12199,"hostname":"LAPTOP-3FNR6K70","msg":"Login -----------------> OK"}
{"level":40,"time":1633179977378,"pid":505,"hostname":"LAPTOP-3FNR6K70","msg":"Login -----------------> OK"}
{"level":40,"time":1633184345534,"pid":1963,"hostname":"LAPTOP-3FNR6K70","msg":"Login -----------------> OK"}
{"level":40,"time":1633184985866,"pid":2835,"hostname":"LAPTOP-3FNR6K70","msg":"Login -----------------> OK"}
{"level":40,"time":1633185056394,"pid":2835,"hostname":"LAPTOP-3FNR6K70","msg":"Register -----------------> OK"}
{"level":40,"time":1633185756890,"pid":3607,"hostname":"LAPTOP-3FNR6K70","msg":"Login -----------------> OK"}
{"level":40,"time":1633192025145,"pid":6517,"hostname":"LAPTOP-3FNR6K70","msg":"Error message: MongooseError: Query was already executed: usuarios.find({})"}
{"level":40,"time":1633192402945,"pid":7704,"hostname":"LAPTOP-3FNR6K70","msg":"Login -----------------> OK"}
{"level":40,"time":1633192612350,"pid":8260,"hostname":"LAPTOP-3FNR6K70","msg":"Mensaje warn -----------------> OK"}
{"level":40,"time":1633276302221,"pid":618,"hostname":"LAPTOP-3FNR6K70","msg":"Mensaje warn -----------------> OK"}
{"level":40,"time":1633276311119,"pid":618,"hostname":"LAPTOP-3FNR6K70","msg":"Login -----------------> OK"}
{"level":40,"time":1633276322692,"pid":618,"hostname":"LAPTOP-3FNR6K70","msg":"Mensaje warn -----------------> OK"}
{"level":40,"time":1633295471023,"pid":3829,"hostname":"LAPTOP-3FNR6K70","msg":"Login -----------------> OK"}
{"level":40,"time":1633295504053,"pid":3829,"hostname":"LAPTOP-3FNR6K70","msg":"Mensaje warn -----------------> OK"}
{"level":40,"time":1633295600509,"pid":3829,"hostname":"LAPTOP-3FNR6K70","msg":"Mensaje warn -----------------> OK"}
{"level":40,"time":1633308930616,"pid":6528,"hostname":"LAPTOP-3FNR6K70","msg":"Login -----------------> OK"}
{"level":40,"time":1633312059645,"pid":7315,"hostname":"LAPTOP-3FNR6K70","msg":"Login -----------------> OK"}
{"level":40,"time":1633312728425,"pid":8079,"hostname":"LAPTOP-3FNR6K70","msg":"Login -----------------> OK"}
{"level":40,"time":1633314066457,"pid":8555,"hostname":"LAPTOP-3FNR6K70","msg":"Login -----------------> OK"}
{"level":40,"time":1633314693173,"pid":9852,"hostname":"LAPTOP-3FNR6K70","msg":"Login -----------------> OK"}
{"level":40,"time":1633315447390,"pid":11417,"hostname":"LAPTOP-3FNR6K70","msg":"Login -----------------> OK"}
{"level":40,"time":1633316249181,"pid":13496,"hostname":"LAPTOP-3FNR6K70","msg":"Login -----------------> OK"}
{"level":40,"time":1633355071084,"pid":487,"hostname":"LAPTOP-3FNR6K70","msg":"Login -----------------> OK"}
{"level":40,"time":1633355715119,"pid":1473,"hostname":"LAPTOP-3FNR6K70","msg":"Login -----------------> OK"}
{"level":40,"time":1633356372372,"pid":1934,"hostname":"LAPTOP-3FNR6K70","msg":"Login -----------------> OK"}
{"level":40,"time":1633357004839,"pid":2882,"hostname":"LAPTOP-3FNR6K70","msg":"Login -----------------> OK"}
{"level":40,"time":1633357680352,"pid":3884,"hostname":"LAPTOP-3FNR6K70","msg":"Login -----------------> OK"}
{"level":40,"time":1633398696990,"pid":6906,"hostname":"LAPTOP-3FNR6K70","msg":"Login -----------------> OK"}
{"level":40,"time":1633399232223,"pid":7223,"hostname":"LAPTOP-3FNR6K70","msg":"Mensaje warn -----------------> OK"}
{"level":40,"time":1633439514722,"pid":1464,"hostname":"LAPTOP-3FNR6K70","msg":"Login -----------------> OK"}
{"level":40,"time":1633440825773,"pid":1848,"hostname":"LAPTOP-3FNR6K70","msg":"Login -----------------> OK"}
{"level":40,"time":1633441412766,"pid":2869,"hostname":"LAPTOP-3FNR6K70","msg":"Mensaje warn -----------------> OK"}
{"level":40,"time":1633441541064,"pid":2869,"hostname":"LAPTOP-3FNR6K70","msg":"Login -----------------> OK"}
{"level":40,"time":1633450634561,"pid":3516,"hostname":"LAPTOP-3FNR6K70","msg":"Login -----------------> OK"}
{"level":40,"time":1633451257409,"pid":4002,"hostname":"LAPTOP-3FNR6K70","msg":"Login -----------------> OK"}
{"level":40,"time":1633451960202,"pid":4784,"hostname":"LAPTOP-3FNR6K70","msg":"Login -----------------> OK"}
{"level":40,"time":1633452616691,"pid":5268,"hostname":"LAPTOP-3FNR6K70","msg":"Login -----------------> OK"}
{"level":40,"time":1633453380345,"pid":6279,"hostname":"LAPTOP-3FNR6K70","msg":"Login -----------------> OK"}
{"level":40,"time":1633454136657,"pid":6906,"hostname":"LAPTOP-3FNR6K70","msg":"Login -----------------> OK"}
{"level":40,"time":1633454747731,"pid":7727,"hostname":"LAPTOP-3FNR6K70","msg":"Login -----------------> OK"}
{"level":40,"time":1633468438526,"pid":12128,"hostname":"LAPTOP-3FNR6K70","msg":"Login -----------------> OK"}
{"level":40,"time":1633469055383,"pid":13180,"hostname":"LAPTOP-3FNR6K70","msg":"Login -----------------> OK"}
{"level":40,"time":1633474645847,"pid":14444,"hostname":"LAPTOP-3FNR6K70","msg":"Login -----------------> OK"}
{"level":40,"time":1633475281246,"pid":14861,"hostname":"LAPTOP-3FNR6K70","msg":"Login -----------------> OK"}
{"level":40,"time":1633476380978,"pid":16572,"hostname":"LAPTOP-3FNR6K70","msg":"Login -----------------> OK"}
{"level":40,"time":1633477067776,"pid":17163,"hostname":"LAPTOP-3FNR6K70","msg":"Login -----------------> OK"}
{"level":40,"time":1633477742934,"pid":18830,"hostname":"LAPTOP-3FNR6K70","msg":"Login -----------------> OK"}
{"level":40,"time":1633478451550,"pid":19501,"hostname":"LAPTOP-3FNR6K70","msg":"Login -----------------> OK"}
{"level":40,"time":1633486915076,"pid":20094,"hostname":"LAPTOP-3FNR6K70","msg":"Login -----------------> OK"}
{"level":40,"time":1633487623079,"pid":21153,"hostname":"LAPTOP-3FNR6K70","msg":"Login -----------------> OK"}
{"level":40,"time":1633488274858,"pid":21537,"hostname":"LAPTOP-3FNR6K70","msg":"Login -----------------> OK"}
{"level":40,"time":1633488934247,"pid":21818,"hostname":"LAPTOP-3FNR6K70","msg":"Login -----------------> OK"}
{"level":40,"time":1633492049562,"pid":22855,"hostname":"LAPTOP-3FNR6K70","msg":"Login -----------------> OK"}
{"level":40,"time":1633492179823,"pid":23150,"hostname":"LAPTOP-3FNR6K70","msg":"Mensaje warn -----------------> OK"}
{"level":40,"time":1633493205979,"pid":24234,"hostname":"LAPTOP-3FNR6K70","msg":"Login -----------------> OK"}
{"level":40,"time":1633527118774,"pid":407,"hostname":"LAPTOP-3FNR6K70","msg":"Login -----------------> OK"}
{"level":40,"time":1633527364388,"pid":595,"hostname":"LAPTOP-3FNR6K70","msg":"Mensaje warn -----------------> OK"}
{"level":40,"time":1633534873165,"pid":979,"hostname":"LAPTOP-3FNR6K70","msg":"Login -----------------> OK"}
{"level":40,"time":1633535488563,"pid":1610,"hostname":"LAPTOP-3FNR6K70","msg":"Login -----------------> OK"}
{"level":40,"time":1633536129233,"pid":2116,"hostname":"LAPTOP-3FNR6K70","msg":"Login -----------------> OK"}
{"level":40,"time":1633537017374,"pid":2431,"hostname":"LAPTOP-3FNR6K70","msg":"Login -----------------> OK"}
{"level":40,"time":1633537800099,"pid":3256,"hostname":"LAPTOP-3FNR6K70","msg":"Login -----------------> OK"}
{"level":40,"time":1633538515752,"pid":4276,"hostname":"LAPTOP-3FNR6K70","msg":"Login -----------------> OK"}
{"level":40,"time":1633539181353,"pid":5256,"hostname":"LAPTOP-3FNR6K70","msg":"Login -----------------> OK"}
{"level":40,"time":1633539867642,"pid":6020,"hostname":"LAPTOP-3FNR6K70","msg":"Login -----------------> OK"}
{"level":40,"time":1633547993169,"pid":7775,"hostname":"LAPTOP-3FNR6K70","msg":"Login -----------------> OK"}
{"level":40,"time":1633548842934,"pid":8361,"hostname":"LAPTOP-3FNR6K70","msg":"Login -----------------> OK"}
{"level":40,"time":1633549754242,"pid":8876,"hostname":"LAPTOP-3FNR6K70","msg":"Login -----------------> OK"}
{"level":40,"time":1633550518922,"pid":9265,"hostname":"LAPTOP-3FNR6K70","msg":"Login -----------------> OK"}
{"level":40,"time":1633550930821,"pid":9588,"hostname":"LAPTOP-3FNR6K70","msg":"Register -----------------> OK"}
{"level":40,"time":1633552129359,"pid":11006,"hostname":"LAPTOP-3FNR6K70","msg":"Login -----------------> OK"}
{"level":40,"time":1633552752906,"pid":12111,"hostname":"LAPTOP-3FNR6K70","msg":"Login -----------------> OK"}
{"level":40,"time":1633553128899,"pid":12461,"hostname":"LAPTOP-3FNR6K70","msg":"Login -----------------> OK"}
{"level":40,"time":1633553367758,"pid":12461,"hostname":"LAPTOP-3FNR6K70","msg":"Login -----------------> OK"}
{"level":40,"time":1633555047038,"pid":14131,"hostname":"LAPTOP-3FNR6K70","msg":"Login -----------------> OK"}
{"level":40,"time":1633555740710,"pid":15055,"hostname":"LAPTOP-3FNR6K70","msg":"Login -----------------> OK"}
{"level":40,"time":1633556675781,"pid":15055,"hostname":"LAPTOP-3FNR6K70","msg":"Login -----------------> OK"}
{"level":40,"time":1633615676205,"pid":437,"hostname":"LAPTOP-3FNR6K70","msg":"Login -----------------> OK"}
{"level":40,"time":1633622121299,"pid":1703,"hostname":"LAPTOP-3FNR6K70","msg":"Login -----------------> OK"}
{"level":40,"time":1633622821605,"pid":2577,"hostname":"LAPTOP-3FNR6K70","msg":"Login -----------------> OK"}
{"level":40,"time":1633623764052,"pid":3350,"hostname":"LAPTOP-3FNR6K70","msg":"Login -----------------> OK"}
{"level":40,"time":1633624441127,"pid":4288,"hostname":"LAPTOP-3FNR6K70","msg":"Login -----------------> OK"}
{"level":40,"time":1633625106965,"pid":5342,"hostname":"LAPTOP-3FNR6K70","msg":"Login -----------------> OK"}
{"level":40,"time":1633625739486,"pid":6694,"hostname":"LAPTOP-3FNR6K70","msg":"Login -----------------> OK"}
{"level":40,"time":1633626350929,"pid":6958,"hostname":"LAPTOP-3FNR6K70","msg":"Login -----------------> OK"}
{"level":40,"time":1633626484504,"pid":6958,"hostname":"LAPTOP-3FNR6K70","msg":"Login -----------------> OK"}
{"level":40,"time":1633627178992,"pid":8448,"hostname":"LAPTOP-3FNR6K70","msg":"Login -----------------> OK"}
{"level":40,"time":1633627797066,"pid":9171,"hostname":"LAPTOP-3FNR6K70","msg":"Login -----------------> OK"}
{"level":40,"time":1633628435658,"pid":9407,"hostname":"LAPTOP-3FNR6K70","msg":"Login -----------------> OK"}
{"level":40,"time":1633629436520,"pid":10585,"hostname":"LAPTOP-3FNR6K70","msg":"Login -----------------> OK"}
{"level":40,"time":1633630040816,"pid":11436,"hostname":"LAPTOP-3FNR6K70","msg":"Login -----------------> OK"}
{"level":40,"time":1633630697802,"pid":14019,"hostname":"LAPTOP-3FNR6K70","msg":"Login -----------------> OK"}
{"level":40,"time":1633639486578,"pid":14359,"hostname":"LAPTOP-3FNR6K70","msg":"Login -----------------> OK"}
{"level":40,"time":1633640531107,"pid":15330,"hostname":"LAPTOP-3FNR6K70","msg":"Login -----------------> OK"}
{"level":40,"time":1633641213151,"pid":16936,"hostname":"LAPTOP-3FNR6K70","msg":"Login -----------------> OK"}
{"level":40,"time":1633906917011,"pid":702,"hostname":"LAPTOP-3FNR6K70","msg":"Login -----------------> OK"}
